        -Segment Fields-
Source Port:            33000
Destination Port:       22000
Sequence Number:        37
Acknowledgement Number: 3846773552
Offset:                 6
URG Flag:               0
ACK Flag:               0
PSH Flag:               0
RST Flag:               0
SYN Flag:               1
FIN Flag:               0
Receive Window:         0
Checksum:               59521
Urgent Ptr:             0
Options:                0

        -Segment Fields-
Source Port:            33000
Destination Port:       22000
Sequence Number:        38
Acknowledgement Number: 86
Offset:                 6
URG Flag:               0
ACK Flag:               1
PSH Flag:               0
RST Flag:               0
SYN Flag:               0
FIN Flag:               0
Receive Window:         0
Checksum:               14371
Urgent Ptr:             0
Options:                0

        -Segment Fields-
Source Port:            33000
Destination Port:       22000
Sequence Number:        141
Acknowledgement Number: 0
Offset:                 6
URG Flag:               0
ACK Flag:               0
PSH Flag:               0
RST Flag:               0
SYN Flag:               0
FIN Flag:               1
Receive Window:         0
Checksum:               28784
Urgent Ptr:             0
Options:                0

        -Segment Fields-
Source Port:            33000
Destination Port:       22000
Sequence Number:        142
Acknowledgement Number: 65
Offset:                 6
URG Flag:               0
ACK Flag:               1
PSH Flag:               0
RST Flag:               0
SYN Flag:               0
FIN Flag:               0
Receive Window:         0
Checksum:               45025
Urgent Ptr:             0
Options:                0

